    1C
    1UUSER                                                              
    1UDATE              19.july.2018                                    
    1UTIME              17:04:04                                        
    1UHOST                                                              
    1UPGM               CalculiX                                        
    1UVERSION           Version DEVELOPMENT                             
    1UCOMPILETIME       So 13. Mai 12:06:53 CEST 2018                    
    1UDIR                                                               
    1UDBN                                                               
    1UMAT    1STEEL                                                     
    2C                           459                                     1
 -1         1-1.00000E+00-1.00000E+00 0.00000E+00
 -1         2-1.00000E+00 1.00000E+00 0.00000E+00
 -1         3 1.00000E+00-1.00000E+00 0.00000E+00
 -1         4 1.00000E+00 1.00000E+00 0.00000E+00
 -1         5-1.00000E+00 1.00000E+00 5.00000E+01
 -1         6-1.00000E+00-1.00000E+00 5.00000E+01
 -1         7 1.00000E+00-1.00000E+00 5.00000E+01
 -1         8 1.00000E+00 1.00000E+00 5.00000E+01
 -1         9-1.00000E+00 2.75280E-12 0.00000E+00
 -1        10-2.75280E-12 1.00000E+00 0.00000E+00
 -1        11-2.75280E-12-1.00000E+00 0.00000E+00
 -1        12 1.00000E+00-2.75280E-12 0.00000E+00
 -1        13-1.00000E+00 2.75280E-12 5.00000E+01
 -1        14-2.75280E-12-1.00000E+00 5.00000E+01
 -1        15 1.00000E+00-2.75280E-12 5.00000E+01
 -1        16-2.75280E-12 1.00000E+00 5.00000E+01
 -1        17-1.00000E+00 1.00000E+00 1.00000E+00
 -1        18-1.00000E+00 1.00000E+00 2.00000E+00
 -1        19-1.00000E+00 1.00000E+00 3.00000E+00
 -1        20-1.00000E+00 1.00000E+00 4.00000E+00
 -1        21-1.00000E+00 1.00000E+00 5.00000E+00
 -1        22-1.00000E+00 1.00000E+00 6.00000E+00
 -1        23-1.00000E+00 1.00000E+00 7.00000E+00
 -1        24-1.00000E+00 1.00000E+00 8.00000E+00
 -1        25-1.00000E+00 1.00000E+00 9.00000E+00
 -1        26-1.00000E+00 1.00000E+00 1.00000E+01
 -1        27-1.00000E+00 1.00000E+00 1.10000E+01
 -1        28-1.00000E+00 1.00000E+00 1.20000E+01
 -1        29-1.00000E+00 1.00000E+00 1.30000E+01
 -1        30-1.00000E+00 1.00000E+00 1.40000E+01
 -1        31-1.00000E+00 1.00000E+00 1.50000E+01
 -1        32-1.00000E+00 1.00000E+00 1.60000E+01
 -1        33-1.00000E+00 1.00000E+00 1.70000E+01
 -1        34-1.00000E+00 1.00000E+00 1.80000E+01
 -1        35-1.00000E+00 1.00000E+00 1.90000E+01
 -1        36-1.00000E+00 1.00000E+00 2.00000E+01
 -1        37-1.00000E+00 1.00000E+00 2.10000E+01
 -1        38-1.00000E+00 1.00000E+00 2.20000E+01
 -1        39-1.00000E+00 1.00000E+00 2.30000E+01
 -1        40-1.00000E+00 1.00000E+00 2.40000E+01
 -1        41-1.00000E+00 1.00000E+00 2.50000E+01
 -1        42-1.00000E+00 1.00000E+00 2.60000E+01
 -1        43-1.00000E+00 1.00000E+00 2.70000E+01
 -1        44-1.00000E+00 1.00000E+00 2.80000E+01
 -1        45-1.00000E+00 1.00000E+00 2.90000E+01
 -1        46-1.00000E+00 1.00000E+00 3.00000E+01
 -1        47-1.00000E+00 1.00000E+00 3.10000E+01
 -1        48-1.00000E+00 1.00000E+00 3.20000E+01
 -1        49-1.00000E+00 1.00000E+00 3.30000E+01
 -1        50-1.00000E+00 1.00000E+00 3.40000E+01
 -1        51-1.00000E+00 1.00000E+00 3.50000E+01
 -1        52-1.00000E+00 1.00000E+00 3.60000E+01
 -1        53-1.00000E+00 1.00000E+00 3.70000E+01
 -1        54-1.00000E+00 1.00000E+00 3.80000E+01
 -1        55-1.00000E+00 1.00000E+00 3.90000E+01
 -1        56-1.00000E+00 1.00000E+00 4.00000E+01
 -1        57-1.00000E+00 1.00000E+00 4.10000E+01
 -1        58-1.00000E+00 1.00000E+00 4.20000E+01
 -1        59-1.00000E+00 1.00000E+00 4.30000E+01
 -1        60-1.00000E+00 1.00000E+00 4.40000E+01
 -1        61-1.00000E+00 1.00000E+00 4.50000E+01
 -1        62-1.00000E+00 1.00000E+00 4.60000E+01
 -1        63-1.00000E+00 1.00000E+00 4.70000E+01
 -1        64-1.00000E+00 1.00000E+00 4.80000E+01
 -1        65-1.00000E+00 1.00000E+00 4.90000E+01
 -1        66-1.00000E+00-1.00000E+00 1.00000E+00
 -1        67-1.00000E+00-1.00000E+00 2.00000E+00
 -1        68-1.00000E+00-1.00000E+00 3.00000E+00
 -1        69-1.00000E+00-1.00000E+00 4.00000E+00
 -1        70-1.00000E+00-1.00000E+00 5.00000E+00
 -1        71-1.00000E+00-1.00000E+00 6.00000E+00
 -1        72-1.00000E+00-1.00000E+00 7.00000E+00
 -1        73-1.00000E+00-1.00000E+00 8.00000E+00
 -1        74-1.00000E+00-1.00000E+00 9.00000E+00
 -1        75-1.00000E+00-1.00000E+00 1.00000E+01
 -1        76-1.00000E+00-1.00000E+00 1.10000E+01
 -1        77-1.00000E+00-1.00000E+00 1.20000E+01
 -1        78-1.00000E+00-1.00000E+00 1.30000E+01
 -1        79-1.00000E+00-1.00000E+00 1.40000E+01
 -1        80-1.00000E+00-1.00000E+00 1.50000E+01
 -1        81-1.00000E+00-1.00000E+00 1.60000E+01
 -1        82-1.00000E+00-1.00000E+00 1.70000E+01
 -1        83-1.00000E+00-1.00000E+00 1.80000E+01
 -1        84-1.00000E+00-1.00000E+00 1.90000E+01
 -1        85-1.00000E+00-1.00000E+00 2.00000E+01
 -1        86-1.00000E+00-1.00000E+00 2.10000E+01
 -1        87-1.00000E+00-1.00000E+00 2.20000E+01
 -1        88-1.00000E+00-1.00000E+00 2.30000E+01
 -1        89-1.00000E+00-1.00000E+00 2.40000E+01
 -1        90-1.00000E+00-1.00000E+00 2.50000E+01
 -1        91-1.00000E+00-1.00000E+00 2.60000E+01
 -1        92-1.00000E+00-1.00000E+00 2.70000E+01
 -1        93-1.00000E+00-1.00000E+00 2.80000E+01
 -1        94-1.00000E+00-1.00000E+00 2.90000E+01
 -1        95-1.00000E+00-1.00000E+00 3.00000E+01
 -1        96-1.00000E+00-1.00000E+00 3.10000E+01
 -1        97-1.00000E+00-1.00000E+00 3.20000E+01
 -1        98-1.00000E+00-1.00000E+00 3.30000E+01
 -1        99-1.00000E+00-1.00000E+00 3.40000E+01
 -1       100-1.00000E+00-1.00000E+00 3.50000E+01
 -1       101-1.00000E+00-1.00000E+00 3.60000E+01
 -1       102-1.00000E+00-1.00000E+00 3.70000E+01
 -1       103-1.00000E+00-1.00000E+00 3.80000E+01
 -1       104-1.00000E+00-1.00000E+00 3.90000E+01
 -1       105-1.00000E+00-1.00000E+00 4.00000E+01
 -1       106-1.00000E+00-1.00000E+00 4.10000E+01
 -1       107-1.00000E+00-1.00000E+00 4.20000E+01
 -1       108-1.00000E+00-1.00000E+00 4.30000E+01
 -1       109-1.00000E+00-1.00000E+00 4.40000E+01
 -1       110-1.00000E+00-1.00000E+00 4.50000E+01
 -1       111-1.00000E+00-1.00000E+00 4.60000E+01
 -1       112-1.00000E+00-1.00000E+00 4.70000E+01
 -1       113-1.00000E+00-1.00000E+00 4.80000E+01
 -1       114-1.00000E+00-1.00000E+00 4.90000E+01
 -1       115 1.00000E+00-1.00000E+00 1.00000E+00
 -1       116 1.00000E+00-1.00000E+00 2.00000E+00
 -1       117 1.00000E+00-1.00000E+00 3.00000E+00
 -1       118 1.00000E+00-1.00000E+00 4.00000E+00
 -1       119 1.00000E+00-1.00000E+00 5.00000E+00
 -1       120 1.00000E+00-1.00000E+00 6.00000E+00
 -1       121 1.00000E+00-1.00000E+00 7.00000E+00
 -1       122 1.00000E+00-1.00000E+00 8.00000E+00
 -1       123 1.00000E+00-1.00000E+00 9.00000E+00
 -1       124 1.00000E+00-1.00000E+00 1.00000E+01
 -1       125 1.00000E+00-1.00000E+00 1.10000E+01
 -1       126 1.00000E+00-1.00000E+00 1.20000E+01
 -1       127 1.00000E+00-1.00000E+00 1.30000E+01
 -1       128 1.00000E+00-1.00000E+00 1.40000E+01
 -1       129 1.00000E+00-1.00000E+00 1.50000E+01
 -1       130 1.00000E+00-1.00000E+00 1.60000E+01
 -1       131 1.00000E+00-1.00000E+00 1.70000E+01
 -1       132 1.00000E+00-1.00000E+00 1.80000E+01
 -1       133 1.00000E+00-1.00000E+00 1.90000E+01
 -1       134 1.00000E+00-1.00000E+00 2.00000E+01
 -1       135 1.00000E+00-1.00000E+00 2.10000E+01
 -1       136 1.00000E+00-1.00000E+00 2.20000E+01
 -1       137 1.00000E+00-1.00000E+00 2.30000E+01
 -1       138 1.00000E+00-1.00000E+00 2.40000E+01
 -1       139 1.00000E+00-1.00000E+00 2.50000E+01
 -1       140 1.00000E+00-1.00000E+00 2.60000E+01
 -1       141 1.00000E+00-1.00000E+00 2.70000E+01
 -1       142 1.00000E+00-1.00000E+00 2.80000E+01
 -1       143 1.00000E+00-1.00000E+00 2.90000E+01
 -1       144 1.00000E+00-1.00000E+00 3.00000E+01
 -1       145 1.00000E+00-1.00000E+00 3.10000E+01
 -1       146 1.00000E+00-1.00000E+00 3.20000E+01
 -1       147 1.00000E+00-1.00000E+00 3.30000E+01
 -1       148 1.00000E+00-1.00000E+00 3.40000E+01
 -1       149 1.00000E+00-1.00000E+00 3.50000E+01
 -1       150 1.00000E+00-1.00000E+00 3.60000E+01
 -1       151 1.00000E+00-1.00000E+00 3.70000E+01
 -1       152 1.00000E+00-1.00000E+00 3.80000E+01
 -1       153 1.00000E+00-1.00000E+00 3.90000E+01
 -1       154 1.00000E+00-1.00000E+00 4.00000E+01
 -1       155 1.00000E+00-1.00000E+00 4.10000E+01
 -1       156 1.00000E+00-1.00000E+00 4.20000E+01
 -1       157 1.00000E+00-1.00000E+00 4.30000E+01
 -1       158 1.00000E+00-1.00000E+00 4.40000E+01
 -1       159 1.00000E+00-1.00000E+00 4.50000E+01
 -1       160 1.00000E+00-1.00000E+00 4.60000E+01
 -1       161 1.00000E+00-1.00000E+00 4.70000E+01
 -1       162 1.00000E+00-1.00000E+00 4.80000E+01
 -1       163 1.00000E+00-1.00000E+00 4.90000E+01
 -1       164 1.00000E+00 1.00000E+00 1.00000E+00
 -1       165 1.00000E+00 1.00000E+00 2.00000E+00
 -1       166 1.00000E+00 1.00000E+00 3.00000E+00
 -1       167 1.00000E+00 1.00000E+00 4.00000E+00
 -1       168 1.00000E+00 1.00000E+00 5.00000E+00
 -1       169 1.00000E+00 1.00000E+00 6.00000E+00
 -1       170 1.00000E+00 1.00000E+00 7.00000E+00
 -1       171 1.00000E+00 1.00000E+00 8.00000E+00
 -1       172 1.00000E+00 1.00000E+00 9.00000E+00
 -1       173 1.00000E+00 1.00000E+00 1.00000E+01
 -1       174 1.00000E+00 1.00000E+00 1.10000E+01
 -1       175 1.00000E+00 1.00000E+00 1.20000E+01
 -1       176 1.00000E+00 1.00000E+00 1.30000E+01
 -1       177 1.00000E+00 1.00000E+00 1.40000E+01
 -1       178 1.00000E+00 1.00000E+00 1.50000E+01
 -1       179 1.00000E+00 1.00000E+00 1.60000E+01
 -1       180 1.00000E+00 1.00000E+00 1.70000E+01
 -1       181 1.00000E+00 1.00000E+00 1.80000E+01
 -1       182 1.00000E+00 1.00000E+00 1.90000E+01
 -1       183 1.00000E+00 1.00000E+00 2.00000E+01
 -1       184 1.00000E+00 1.00000E+00 2.10000E+01
 -1       185 1.00000E+00 1.00000E+00 2.20000E+01
 -1       186 1.00000E+00 1.00000E+00 2.30000E+01
 -1       187 1.00000E+00 1.00000E+00 2.40000E+01
 -1       188 1.00000E+00 1.00000E+00 2.50000E+01
 -1       189 1.00000E+00 1.00000E+00 2.60000E+01
 -1       190 1.00000E+00 1.00000E+00 2.70000E+01
 -1       191 1.00000E+00 1.00000E+00 2.80000E+01
 -1       192 1.00000E+00 1.00000E+00 2.90000E+01
 -1       193 1.00000E+00 1.00000E+00 3.00000E+01
 -1       194 1.00000E+00 1.00000E+00 3.10000E+01
 -1       195 1.00000E+00 1.00000E+00 3.20000E+01
 -1       196 1.00000E+00 1.00000E+00 3.30000E+01
 -1       197 1.00000E+00 1.00000E+00 3.40000E+01
 -1       198 1.00000E+00 1.00000E+00 3.50000E+01
 -1       199 1.00000E+00 1.00000E+00 3.60000E+01
 -1       200 1.00000E+00 1.00000E+00 3.70000E+01
 -1       201 1.00000E+00 1.00000E+00 3.80000E+01
 -1       202 1.00000E+00 1.00000E+00 3.90000E+01
 -1       203 1.00000E+00 1.00000E+00 4.00000E+01
 -1       204 1.00000E+00 1.00000E+00 4.10000E+01
 -1       205 1.00000E+00 1.00000E+00 4.20000E+01
 -1       206 1.00000E+00 1.00000E+00 4.30000E+01
 -1       207 1.00000E+00 1.00000E+00 4.40000E+01
 -1       208 1.00000E+00 1.00000E+00 4.50000E+01
 -1       209 1.00000E+00 1.00000E+00 4.60000E+01
 -1       210 1.00000E+00 1.00000E+00 4.70000E+01
 -1       211 1.00000E+00 1.00000E+00 4.80000E+01
 -1       212 1.00000E+00 1.00000E+00 4.90000E+01
 -1       213-9.25010E-13 0.00000E+00 0.00000E+00
 -1       214-1.00000E+00 6.22724E-13 1.00000E+00
 -1       215-1.00000E+00 1.33227E-15 2.00000E+00
 -1       216-1.00000E+00 6.66134E-16 3.00000E+00
 -1       217-1.00000E+00 6.66134E-16 4.00000E+00
 -1       218-1.00000E+00 0.00000E+00 5.00000E+00
 -1       219-1.00000E+00 0.00000E+00 6.00000E+00
 -1       220-1.00000E+00 0.00000E+00 7.00000E+00
 -1       221-1.00000E+00 0.00000E+00 8.00000E+00
 -1       222-1.00000E+00 0.00000E+00 9.00000E+00
 -1       223-1.00000E+00 0.00000E+00 1.00000E+01
 -1       224-1.00000E+00 0.00000E+00 1.10000E+01
 -1       225-1.00000E+00 0.00000E+00 1.20000E+01
 -1       226-1.00000E+00 0.00000E+00 1.30000E+01
 -1       227-1.00000E+00 0.00000E+00 1.40000E+01
 -1       228-1.00000E+00 0.00000E+00 1.50000E+01
 -1       229-1.00000E+00 0.00000E+00 1.60000E+01
 -1       230-1.00000E+00 0.00000E+00 1.70000E+01
 -1       231-1.00000E+00 0.00000E+00 1.80000E+01
 -1       232-1.00000E+00 0.00000E+00 1.90000E+01
 -1       233-1.00000E+00 0.00000E+00 2.00000E+01
 -1       234-1.00000E+00 0.00000E+00 2.10000E+01
 -1       235-1.00000E+00 0.00000E+00 2.20000E+01
 -1       236-1.00000E+00 0.00000E+00 2.30000E+01
 -1       237-1.00000E+00 0.00000E+00 2.40000E+01
 -1       238-1.00000E+00 0.00000E+00 2.50000E+01
 -1       239-1.00000E+00 0.00000E+00 2.60000E+01
 -1       240-1.00000E+00 0.00000E+00 2.70000E+01
 -1       241-1.00000E+00 0.00000E+00 2.80000E+01
 -1       242-1.00000E+00 0.00000E+00 2.90000E+01
 -1       243-1.00000E+00 0.00000E+00 3.00000E+01
 -1       244-1.00000E+00 0.00000E+00 3.10000E+01
 -1       245-1.00000E+00 0.00000E+00 3.20000E+01
 -1       246-1.00000E+00 0.00000E+00 3.30000E+01
 -1       247-1.00000E+00 0.00000E+00 3.40000E+01
 -1       248-1.00000E+00 0.00000E+00 3.50000E+01
 -1       249-1.00000E+00 0.00000E+00 3.60000E+01
 -1       250-1.00000E+00 0.00000E+00 3.70000E+01
 -1       251-1.00000E+00 0.00000E+00 3.80000E+01
 -1       252-1.00000E+00 0.00000E+00 3.90000E+01
 -1       253-1.00000E+00 0.00000E+00 4.00000E+01
 -1       254-1.00000E+00 0.00000E+00 4.10000E+01
 -1       255-1.00000E+00 0.00000E+00 4.20000E+01
 -1       256-1.00000E+00 0.00000E+00 4.30000E+01
 -1       257-1.00000E+00 0.00000E+00 4.40000E+01
 -1       258-1.00000E+00 0.00000E+00 4.50000E+01
 -1       259-1.00000E+00 0.00000E+00 4.60000E+01
 -1       260-1.00000E+00 0.00000E+00 4.70000E+01
 -1       261-1.00000E+00 4.44089E-16 4.80000E+01
 -1       262-1.00000E+00 5.03930E-13 4.90000E+01
 -1       263-6.24389E-13-1.00000E+00 1.00000E+00
 -1       264-1.33227E-15-1.00000E+00 2.00000E+00
 -1       265-6.66134E-16-1.00000E+00 3.00000E+00
 -1       266-6.66134E-16-1.00000E+00 4.00000E+00
 -1       267 0.00000E+00-1.00000E+00 5.00000E+00
 -1       268 0.00000E+00-1.00000E+00 6.00000E+00
 -1       269 0.00000E+00-1.00000E+00 7.00000E+00
 -1       270 0.00000E+00-1.00000E+00 8.00000E+00
 -1       271 0.00000E+00-1.00000E+00 9.00000E+00
 -1       272 0.00000E+00-1.00000E+00 1.00000E+01
 -1       273 0.00000E+00-1.00000E+00 1.10000E+01
 -1       274 0.00000E+00-1.00000E+00 1.20000E+01
 -1       275 0.00000E+00-1.00000E+00 1.30000E+01
 -1       276 0.00000E+00-1.00000E+00 1.40000E+01
 -1       277 0.00000E+00-1.00000E+00 1.50000E+01
 -1       278 0.00000E+00-1.00000E+00 1.60000E+01
 -1       279 0.00000E+00-1.00000E+00 1.70000E+01
 -1       280 0.00000E+00-1.00000E+00 1.80000E+01
 -1       281 0.00000E+00-1.00000E+00 1.90000E+01
 -1       282 0.00000E+00-1.00000E+00 2.00000E+01
 -1       283 0.00000E+00-1.00000E+00 2.10000E+01
 -1       284 0.00000E+00-1.00000E+00 2.20000E+01
 -1       285 0.00000E+00-1.00000E+00 2.30000E+01
 -1       286 0.00000E+00-1.00000E+00 2.40000E+01
 -1       287 0.00000E+00-1.00000E+00 2.50000E+01
 -1       288 0.00000E+00-1.00000E+00 2.60000E+01
 -1       289 0.00000E+00-1.00000E+00 2.70000E+01
 -1       290 0.00000E+00-1.00000E+00 2.80000E+01
 -1       291 0.00000E+00-1.00000E+00 2.90000E+01
 -1       292 0.00000E+00-1.00000E+00 3.00000E+01
 -1       293 0.00000E+00-1.00000E+00 3.10000E+01
 -1       294 0.00000E+00-1.00000E+00 3.20000E+01
 -1       295 0.00000E+00-1.00000E+00 3.30000E+01
 -1       296 0.00000E+00-1.00000E+00 3.40000E+01
 -1       297 0.00000E+00-1.00000E+00 3.50000E+01
 -1       298 0.00000E+00-1.00000E+00 3.60000E+01
 -1       299 0.00000E+00-1.00000E+00 3.70000E+01
 -1       300 0.00000E+00-1.00000E+00 3.80000E+01
 -1       301 0.00000E+00-1.00000E+00 3.90000E+01
 -1       302 0.00000E+00-1.00000E+00 4.00000E+01
 -1       303 0.00000E+00-1.00000E+00 4.10000E+01
 -1       304 0.00000E+00-1.00000E+00 4.20000E+01
 -1       305 0.00000E+00-1.00000E+00 4.30000E+01
 -1       306 0.00000E+00-1.00000E+00 4.40000E+01
 -1       307 0.00000E+00-1.00000E+00 4.50000E+01
 -1       308 0.00000E+00-1.00000E+00 4.60000E+01
 -1       309 0.00000E+00-1.00000E+00 4.70000E+01
 -1       310-4.44089E-16-1.00000E+00 4.80000E+01
 -1       311-5.03930E-13-1.00000E+00 4.90000E+01
 -1       312 1.00000E+00-6.22724E-13 1.00000E+00
 -1       313 1.00000E+00-1.33227E-15 2.00000E+00
 -1       314 1.00000E+00-6.66134E-16 3.00000E+00
 -1       315 1.00000E+00-6.66134E-16 4.00000E+00
 -1       316 1.00000E+00 0.00000E+00 5.00000E+00
 -1       317 1.00000E+00 0.00000E+00 6.00000E+00
 -1       318 1.00000E+00 0.00000E+00 7.00000E+00
 -1       319 1.00000E+00 0.00000E+00 8.00000E+00
 -1       320 1.00000E+00 0.00000E+00 9.00000E+00
 -1       321 1.00000E+00 0.00000E+00 1.00000E+01
 -1       322 1.00000E+00 0.00000E+00 1.10000E+01
 -1       323 1.00000E+00 0.00000E+00 1.20000E+01
 -1       324 1.00000E+00 0.00000E+00 1.30000E+01
 -1       325 1.00000E+00 0.00000E+00 1.40000E+01
 -1       326 1.00000E+00 0.00000E+00 1.50000E+01
 -1       327 1.00000E+00 0.00000E+00 1.60000E+01
 -1       328 1.00000E+00 0.00000E+00 1.70000E+01
 -1       329 1.00000E+00 0.00000E+00 1.80000E+01
 -1       330 1.00000E+00 0.00000E+00 1.90000E+01
 -1       331 1.00000E+00 0.00000E+00 2.00000E+01
 -1       332 1.00000E+00 0.00000E+00 2.10000E+01
 -1       333 1.00000E+00 0.00000E+00 2.20000E+01
 -1       334 1.00000E+00 0.00000E+00 2.30000E+01
 -1       335 1.00000E+00 0.00000E+00 2.40000E+01
 -1       336 1.00000E+00 0.00000E+00 2.50000E+01
 -1       337 1.00000E+00 0.00000E+00 2.60000E+01
 -1       338 1.00000E+00 0.00000E+00 2.70000E+01
 -1       339 1.00000E+00 0.00000E+00 2.80000E+01
 -1       340 1.00000E+00 0.00000E+00 2.90000E+01
 -1       341 1.00000E+00 0.00000E+00 3.00000E+01
 -1       342 1.00000E+00 0.00000E+00 3.10000E+01
 -1       343 1.00000E+00 0.00000E+00 3.20000E+01
 -1       344 1.00000E+00 0.00000E+00 3.30000E+01
 -1       345 1.00000E+00 0.00000E+00 3.40000E+01
 -1       346 1.00000E+00 0.00000E+00 3.50000E+01
 -1       347 1.00000E+00 0.00000E+00 3.60000E+01
 -1       348 1.00000E+00 0.00000E+00 3.70000E+01
 -1       349 1.00000E+00 0.00000E+00 3.80000E+01
 -1       350 1.00000E+00 0.00000E+00 3.90000E+01
 -1       351 1.00000E+00 0.00000E+00 4.00000E+01
 -1       352 1.00000E+00 0.00000E+00 4.10000E+01
 -1       353 1.00000E+00 0.00000E+00 4.20000E+01
 -1       354 1.00000E+00 0.00000E+00 4.30000E+01
 -1       355 1.00000E+00 0.00000E+00 4.40000E+01
 -1       356 1.00000E+00 0.00000E+00 4.50000E+01
 -1       357 1.00000E+00 0.00000E+00 4.60000E+01
 -1       358 1.00000E+00 0.00000E+00 4.70000E+01
 -1       359 1.00000E+00-4.44089E-16 4.80000E+01
 -1       360 1.00000E+00-5.03930E-13 4.90000E+01
 -1       361-6.23279E-13 1.00000E+00 1.00000E+00
 -1       362-1.11022E-15 1.00000E+00 2.00000E+00
 -1       363-6.66134E-16 1.00000E+00 3.00000E+00
 -1       364-6.66134E-16 1.00000E+00 4.00000E+00
 -1       365 0.00000E+00 1.00000E+00 5.00000E+00
 -1       366 0.00000E+00 1.00000E+00 6.00000E+00
 -1       367 0.00000E+00 1.00000E+00 7.00000E+00
 -1       368 0.00000E+00 1.00000E+00 8.00000E+00
 -1       369 0.00000E+00 1.00000E+00 9.00000E+00
 -1       370 0.00000E+00 1.00000E+00 1.00000E+01
 -1       371 0.00000E+00 1.00000E+00 1.10000E+01
 -1       372 0.00000E+00 1.00000E+00 1.20000E+01
 -1       373 0.00000E+00 1.00000E+00 1.30000E+01
 -1       374 0.00000E+00 1.00000E+00 1.40000E+01
 -1       375 0.00000E+00 1.00000E+00 1.50000E+01
 -1       376 0.00000E+00 1.00000E+00 1.60000E+01
 -1       377 0.00000E+00 1.00000E+00 1.70000E+01
 -1       378 0.00000E+00 1.00000E+00 1.80000E+01
 -1       379 0.00000E+00 1.00000E+00 1.90000E+01
 -1       380 0.00000E+00 1.00000E+00 2.00000E+01
 -1       381 0.00000E+00 1.00000E+00 2.10000E+01
 -1       382 0.00000E+00 1.00000E+00 2.20000E+01
 -1       383 0.00000E+00 1.00000E+00 2.30000E+01
 -1       384 0.00000E+00 1.00000E+00 2.40000E+01
 -1       385 0.00000E+00 1.00000E+00 2.50000E+01
 -1       386 0.00000E+00 1.00000E+00 2.60000E+01
 -1       387 0.00000E+00 1.00000E+00 2.70000E+01
 -1       388 0.00000E+00 1.00000E+00 2.80000E+01
 -1       389 0.00000E+00 1.00000E+00 2.90000E+01
 -1       390 0.00000E+00 1.00000E+00 3.00000E+01
 -1       391 0.00000E+00 1.00000E+00 3.10000E+01
 -1       392 0.00000E+00 1.00000E+00 3.20000E+01
 -1       393 0.00000E+00 1.00000E+00 3.30000E+01
 -1       394 0.00000E+00 1.00000E+00 3.40000E+01
 -1       395 0.00000E+00 1.00000E+00 3.50000E+01
 -1       396 0.00000E+00 1.00000E+00 3.60000E+01
 -1       397 0.00000E+00 1.00000E+00 3.70000E+01
 -1       398 0.00000E+00 1.00000E+00 3.80000E+01
 -1       399 0.00000E+00 1.00000E+00 3.90000E+01
 -1       400 0.00000E+00 1.00000E+00 4.00000E+01
 -1       401 0.00000E+00 1.00000E+00 4.10000E+01
 -1       402 0.00000E+00 1.00000E+00 4.20000E+01
 -1       403 0.00000E+00 1.00000E+00 4.30000E+01
 -1       404 0.00000E+00 1.00000E+00 4.40000E+01
 -1       405 0.00000E+00 1.00000E+00 4.50000E+01
 -1       406 0.00000E+00 1.00000E+00 4.60000E+01
 -1       407 0.00000E+00 1.00000E+00 4.70000E+01
 -1       408-4.44089E-16 1.00000E+00 4.80000E+01
 -1       409-5.07372E-13 1.00000E+00 4.90000E+01
 -1       410-9.24621E-13 0.00000E+00 5.00000E+01
 -1       411-9.25010E-13 0.00000E+00 1.00000E+00
 -1       412-9.25010E-13 0.00000E+00 2.00000E+00
 -1       413-9.25010E-13 0.00000E+00 3.00000E+00
 -1       414-9.25010E-13 0.00000E+00 4.00000E+00
 -1       415-9.25010E-13 0.00000E+00 5.00000E+00
 -1       416-9.25010E-13 0.00000E+00 6.00000E+00
 -1       417-9.25010E-13 0.00000E+00 7.00000E+00
 -1       418-9.25010E-13 0.00000E+00 8.00000E+00
 -1       419-9.25010E-13 0.00000E+00 9.00000E+00
 -1       420-9.25010E-13 0.00000E+00 1.00000E+01
 -1       421-9.25010E-13 0.00000E+00 1.10000E+01
 -1       422-9.25010E-13 0.00000E+00 1.20000E+01
 -1       423-9.25010E-13 0.00000E+00 1.30000E+01
 -1       424-9.25010E-13 0.00000E+00 1.40000E+01
 -1       425-9.25010E-13 0.00000E+00 1.50000E+01
 -1       426-9.25010E-13 0.00000E+00 1.60000E+01
 -1       427-9.25010E-13 0.00000E+00 1.70000E+01
 -1       428-9.25010E-13 0.00000E+00 1.80000E+01
 -1       429-9.25010E-13 0.00000E+00 1.90000E+01
 -1       430-9.25010E-13 0.00000E+00 2.00000E+01
 -1       431-9.25010E-13 0.00000E+00 2.10000E+01
 -1       432-9.25010E-13 0.00000E+00 2.20000E+01
 -1       433-9.25010E-13 0.00000E+00 2.30000E+01
 -1       434-9.25010E-13 0.00000E+00 2.40000E+01
 -1       435-9.25010E-13 0.00000E+00 2.50000E+01
 -1       436-9.25010E-13 0.00000E+00 2.60000E+01
 -1       437-9.25010E-13 0.00000E+00 2.70000E+01
 -1       438-9.25010E-13 0.00000E+00 2.80000E+01
 -1       439-9.25010E-13 0.00000E+00 2.90000E+01
 -1       440-9.25010E-13 0.00000E+00 3.00000E+01
 -1       441-9.25010E-13 0.00000E+00 3.10000E+01
 -1       442-9.25010E-13 0.00000E+00 3.20000E+01
 -1       443-9.25010E-13 0.00000E+00 3.30000E+01
 -1       444-9.25010E-13 0.00000E+00 3.40000E+01
 -1       445-9.25010E-13 0.00000E+00 3.50000E+01
 -1       446-9.25010E-13 0.00000E+00 3.60000E+01
 -1       447-9.25010E-13 0.00000E+00 3.70000E+01
 -1       448-9.25010E-13 0.00000E+00 3.80000E+01
 -1       449-9.25010E-13 0.00000E+00 3.90000E+01
 -1       450-9.25010E-13 0.00000E+00 4.00000E+01
 -1       451-9.25010E-13 0.00000E+00 4.10000E+01
 -1       452-9.25010E-13 0.00000E+00 4.20000E+01
 -1       453-9.25010E-13 0.00000E+00 4.30000E+01
 -1       454-9.25010E-13 0.00000E+00 4.40000E+01
 -1       455-9.25010E-13 0.00000E+00 4.50000E+01
 -1       456-9.25010E-13 0.00000E+00 4.60000E+01
 -1       457-9.25010E-13 0.00000E+00 4.70000E+01
 -1       458-9.25010E-13 0.00000E+00 4.80000E+01
 -1       459-9.25010E-13 0.00000E+00 4.90000E+01
 -3
    3C                           200                                     1
 -1      1351    1    0    1
 -2        10         2         9       213       361        17       214       411
 -1      1352    1    0    1
 -2       361        17       214       411       362        18       215       412
 -1      1353    1    0    1
 -2       362        18       215       412       363        19       216       413
 -1      1354    1    0    1
 -2       363        19       216       413       364        20       217       414
 -1      1355    1    0    1
 -2       364        20       217       414       365        21       218       415
 -1      1356    1    0    1
 -2       365        21       218       415       366        22       219       416
 -1      1357    1    0    1
 -2       366        22       219       416       367        23       220       417
 -1      1358    1    0    1
 -2       367        23       220       417       368        24       221       418
 -1      1359    1    0    1
 -2       368        24       221       418       369        25       222       419
 -1      1360    1    0    1
 -2       369        25       222       419       370        26       223       420
 -1      1361    1    0    1
 -2       370        26       223       420       371        27       224       421
 -1      1362    1    0    1
 -2       371        27       224       421       372        28       225       422
 -1      1363    1    0    1
 -2       372        28       225       422       373        29       226       423
 -1      1364    1    0    1
 -2       373        29       226       423       374        30       227       424
 -1      1365    1    0    1
 -2       374        30       227       424       375        31       228       425
 -1      1366    1    0    1
 -2       375        31       228       425       376        32       229       426
 -1      1367    1    0    1
 -2       376        32       229       426       377        33       230       427
 -1      1368    1    0    1
 -2       377        33       230       427       378        34       231       428
 -1      1369    1    0    1
 -2       378        34       231       428       379        35       232       429
 -1      1370    1    0    1
 -2       379        35       232       429       380        36       233       430
 -1      1371    1    0    1
 -2       380        36       233       430       381        37       234       431
 -1      1372    1    0    1
 -2       381        37       234       431       382        38       235       432
 -1      1373    1    0    1
 -2       382        38       235       432       383        39       236       433
 -1      1374    1    0    1
 -2       383        39       236       433       384        40       237       434
 -1      1375    1    0    1
 -2       384        40       237       434       385        41       238       435
 -1      1376    1    0    1
 -2       385        41       238       435       386        42       239       436
 -1      1377    1    0    1
 -2       386        42       239       436       387        43       240       437
 -1      1378    1    0    1
 -2       387        43       240       437       388        44       241       438
 -1      1379    1    0    1
 -2       388        44       241       438       389        45       242       439
 -1      1380    1    0    1
 -2       389        45       242       439       390        46       243       440
 -1      1381    1    0    1
 -2       390        46       243       440       391        47       244       441
 -1      1382    1    0    1
 -2       391        47       244       441       392        48       245       442
 -1      1383    1    0    1
 -2       392        48       245       442       393        49       246       443
 -1      1384    1    0    1
 -2       393        49       246       443       394        50       247       444
 -1      1385    1    0    1
 -2       394        50       247       444       395        51       248       445
 -1      1386    1    0    1
 -2       395        51       248       445       396        52       249       446
 -1      1387    1    0    1
 -2       396        52       249       446       397        53       250       447
 -1      1388    1    0    1
 -2       397        53       250       447       398        54       251       448
 -1      1389    1    0    1
 -2       398        54       251       448       399        55       252       449
 -1      1390    1    0    1
 -2       399        55       252       449       400        56       253       450
 -1      1391    1    0    1
 -2       400        56       253       450       401        57       254       451
 -1      1392    1    0    1
 -2       401        57       254       451       402        58       255       452
 -1      1393    1    0    1
 -2       402        58       255       452       403        59       256       453
 -1      1394    1    0    1
 -2       403        59       256       453       404        60       257       454
 -1      1395    1    0    1
 -2       404        60       257       454       405        61       258       455
 -1      1396    1    0    1
 -2       405        61       258       455       406        62       259       456
 -1      1397    1    0    1
 -2       406        62       259       456       407        63       260       457
 -1      1398    1    0    1
 -2       407        63       260       457       408        64       261       458
 -1      1399    1    0    1
 -2       408        64       261       458       409        65       262       459
 -1      1400    1    0    1
 -2       409        65       262       459        16         5        13       410
 -1      1401    1    0    1
 -2         1        11       213         9        66       263       411       214
 -1      1402    1    0    1
 -2        66       263       411       214        67       264       412       215
 -1      1403    1    0    1
 -2        67       264       412       215        68       265       413       216
 -1      1404    1    0    1
 -2        68       265       413       216        69       266       414       217
 -1      1405    1    0    1
 -2        69       266       414       217        70       267       415       218
 -1      1406    1    0    1
 -2        70       267       415       218        71       268       416       219
 -1      1407    1    0    1
 -2        71       268       416       219        72       269       417       220
 -1      1408    1    0    1
 -2        72       269       417       220        73       270       418       221
 -1      1409    1    0    1
 -2        73       270       418       221        74       271       419       222
 -1      1410    1    0    1
 -2        74       271       419       222        75       272       420       223
 -1      1411    1    0    1
 -2        75       272       420       223        76       273       421       224
 -1      1412    1    0    1
 -2        76       273       421       224        77       274       422       225
 -1      1413    1    0    1
 -2        77       274       422       225        78       275       423       226
 -1      1414    1    0    1
 -2        78       275       423       226        79       276       424       227
 -1      1415    1    0    1
 -2        79       276       424       227        80       277       425       228
 -1      1416    1    0    1
 -2        80       277       425       228        81       278       426       229
 -1      1417    1    0    1
 -2        81       278       426       229        82       279       427       230
 -1      1418    1    0    1
 -2        82       279       427       230        83       280       428       231
 -1      1419    1    0    1
 -2        83       280       428       231        84       281       429       232
 -1      1420    1    0    1
 -2        84       281       429       232        85       282       430       233
 -1      1421    1    0    1
 -2        85       282       430       233        86       283       431       234
 -1      1422    1    0    1
 -2        86       283       431       234        87       284       432       235
 -1      1423    1    0    1
 -2        87       284       432       235        88       285       433       236
 -1      1424    1    0    1
 -2        88       285       433       236        89       286       434       237
 -1      1425    1    0    1
 -2        89       286       434       237        90       287       435       238
 -1      1426    1    0    1
 -2        90       287       435       238        91       288       436       239
 -1      1427    1    0    1
 -2        91       288       436       239        92       289       437       240
 -1      1428    1    0    1
 -2        92       289       437       240        93       290       438       241
 -1      1429    1    0    1
 -2        93       290       438       241        94       291       439       242
 -1      1430    1    0    1
 -2        94       291       439       242        95       292       440       243
 -1      1431    1    0    1
 -2        95       292       440       243        96       293       441       244
 -1      1432    1    0    1
 -2        96       293       441       244        97       294       442       245
 -1      1433    1    0    1
 -2        97       294       442       245        98       295       443       246
 -1      1434    1    0    1
 -2        98       295       443       246        99       296       444       247
 -1      1435    1    0    1
 -2        99       296       444       247       100       297       445       248
 -1      1436    1    0    1
 -2       100       297       445       248       101       298       446       249
 -1      1437    1    0    1
 -2       101       298       446       249       102       299       447       250
 -1      1438    1    0    1
 -2       102       299       447       250       103       300       448       251
 -1      1439    1    0    1
 -2       103       300       448       251       104       301       449       252
 -1      1440    1    0    1
 -2       104       301       449       252       105       302       450       253
 -1      1441    1    0    1
 -2       105       302       450       253       106       303       451       254
 -1      1442    1    0    1
 -2       106       303       451       254       107       304       452       255
 -1      1443    1    0    1
 -2       107       304       452       255       108       305       453       256
 -1      1444    1    0    1
 -2       108       305       453       256       109       306       454       257
 -1      1445    1    0    1
 -2       109       306       454       257       110       307       455       258
 -1      1446    1    0    1
 -2       110       307       455       258       111       308       456       259
 -1      1447    1    0    1
 -2       111       308       456       259       112       309       457       260
 -1      1448    1    0    1
 -2       112       309       457       260       113       310       458       261
 -1      1449    1    0    1
 -2       113       310       458       261       114       311       459       262
 -1      1450    1    0    1
 -2       114       311       459       262         6        14       410        13
 -1      1451    1    0    1
 -2       213        12         4        10       411       312       164       361
 -1      1452    1    0    1
 -2       411       312       164       361       412       313       165       362
 -1      1453    1    0    1
 -2       412       313       165       362       413       314       166       363
 -1      1454    1    0    1
 -2       413       314       166       363       414       315       167       364
 -1      1455    1    0    1
 -2       414       315       167       364       415       316       168       365
 -1      1456    1    0    1
 -2       415       316       168       365       416       317       169       366
 -1      1457    1    0    1
 -2       416       317       169       366       417       318       170       367
 -1      1458    1    0    1
 -2       417       318       170       367       418       319       171       368
 -1      1459    1    0    1
 -2       418       319       171       368       419       320       172       369
 -1      1460    1    0    1
 -2       419       320       172       369       420       321       173       370
 -1      1461    1    0    1
 -2       420       321       173       370       421       322       174       371
 -1      1462    1    0    1
 -2       421       322       174       371       422       323       175       372
 -1      1463    1    0    1
 -2       422       323       175       372       423       324       176       373
 -1      1464    1    0    1
 -2       423       324       176       373       424       325       177       374
 -1      1465    1    0    1
 -2       424       325       177       374       425       326       178       375
 -1      1466    1    0    1
 -2       425       326       178       375       426       327       179       376
 -1      1467    1    0    1
 -2       426       327       179       376       427       328       180       377
 -1      1468    1    0    1
 -2       427       328       180       377       428       329       181       378
 -1      1469    1    0    1
 -2       428       329       181       378       429       330       182       379
 -1      1470    1    0    1
 -2       429       330       182       379       430       331       183       380
 -1      1471    1    0    1
 -2       430       331       183       380       431       332       184       381
 -1      1472    1    0    1
 -2       431       332       184       381       432       333       185       382
 -1      1473    1    0    1
 -2       432       333       185       382       433       334       186       383
 -1      1474    1    0    1
 -2       433       334       186       383       434       335       187       384
 -1      1475    1    0    1
 -2       434       335       187       384       435       336       188       385
 -1      1476    1    0    1
 -2       435       336       188       385       436       337       189       386
 -1      1477    1    0    1
 -2       436       337       189       386       437       338       190       387
 -1      1478    1    0    1
 -2       437       338       190       387       438       339       191       388
 -1      1479    1    0    1
 -2       438       339       191       388       439       340       192       389
 -1      1480    1    0    1
 -2       439       340       192       389       440       341       193       390
 -1      1481    1    0    1
 -2       440       341       193       390       441       342       194       391
 -1      1482    1    0    1
 -2       441       342       194       391       442       343       195       392
 -1      1483    1    0    1
 -2       442       343       195       392       443       344       196       393
 -1      1484    1    0    1
 -2       443       344       196       393       444       345       197       394
 -1      1485    1    0    1
 -2       444       345       197       394       445       346       198       395
 -1      1486    1    0    1
 -2       445       346       198       395       446       347       199       396
 -1      1487    1    0    1
 -2       446       347       199       396       447       348       200       397
 -1      1488    1    0    1
 -2       447       348       200       397       448       349       201       398
 -1      1489    1    0    1
 -2       448       349       201       398       449       350       202       399
 -1      1490    1    0    1
 -2       449       350       202       399       450       351       203       400
 -1      1491    1    0    1
 -2       450       351       203       400       451       352       204       401
 -1      1492    1    0    1
 -2       451       352       204       401       452       353       205       402
 -1      1493    1    0    1
 -2       452       353       205       402       453       354       206       403
 -1      1494    1    0    1
 -2       453       354       206       403       454       355       207       404
 -1      1495    1    0    1
 -2       454       355       207       404       455       356       208       405
 -1      1496    1    0    1
 -2       455       356       208       405       456       357       209       406
 -1      1497    1    0    1
 -2       456       357       209       406       457       358       210       407
 -1      1498    1    0    1
 -2       457       358       210       407       458       359       211       408
 -1      1499    1    0    1
 -2       458       359       211       408       459       360       212       409
 -1      1500    1    0    1
 -2       459       360       212       409       410        15         8        16
 -1      1501    1    0    1
 -2        11         3        12       213       263       115       312       411
 -1      1502    1    0    1
 -2       263       115       312       411       264       116       313       412
 -1      1503    1    0    1
 -2       264       116       313       412       265       117       314       413
 -1      1504    1    0    1
 -2       265       117       314       413       266       118       315       414
 -1      1505    1    0    1
 -2       266       118       315       414       267       119       316       415
 -1      1506    1    0    1
 -2       267       119       316       415       268       120       317       416
 -1      1507    1    0    1
 -2       268       120       317       416       269       121       318       417
 -1      1508    1    0    1
 -2       269       121       318       417       270       122       319       418
 -1      1509    1    0    1
 -2       270       122       319       418       271       123       320       419
 -1      1510    1    0    1
 -2       271       123       320       419       272       124       321       420
 -1      1511    1    0    1
 -2       272       124       321       420       273       125       322       421
 -1      1512    1    0    1
 -2       273       125       322       421       274       126       323       422
 -1      1513    1    0    1
 -2       274       126       323       422       275       127       324       423
 -1      1514    1    0    1
 -2       275       127       324       423       276       128       325       424
 -1      1515    1    0    1
 -2       276       128       325       424       277       129       326       425
 -1      1516    1    0    1
 -2       277       129       326       425       278       130       327       426
 -1      1517    1    0    1
 -2       278       130       327       426       279       131       328       427
 -1      1518    1    0    1
 -2       279       131       328       427       280       132       329       428
 -1      1519    1    0    1
 -2       280       132       329       428       281       133       330       429
 -1      1520    1    0    1
 -2       281       133       330       429       282       134       331       430
 -1      1521    1    0    1
 -2       282       134       331       430       283       135       332       431
 -1      1522    1    0    1
 -2       283       135       332       431       284       136       333       432
 -1      1523    1    0    1
 -2       284       136       333       432       285       137       334       433
 -1      1524    1    0    1
 -2       285       137       334       433       286       138       335       434
 -1      1525    1    0    1
 -2       286       138       335       434       287       139       336       435
 -1      1526    1    0    1
 -2       287       139       336       435       288       140       337       436
 -1      1527    1    0    1
 -2       288       140       337       436       289       141       338       437
 -1      1528    1    0    1
 -2       289       141       338       437       290       142       339       438
 -1      1529    1    0    1
 -2       290       142       339       438       291       143       340       439
 -1      1530    1    0    1
 -2       291       143       340       439       292       144       341       440
 -1      1531    1    0    1
 -2       292       144       341       440       293       145       342       441
 -1      1532    1    0    1
 -2       293       145       342       441       294       146       343       442
 -1      1533    1    0    1
 -2       294       146       343       442       295       147       344       443
 -1      1534    1    0    1
 -2       295       147       344       443       296       148       345       444
 -1      1535    1    0    1
 -2       296       148       345       444       297       149       346       445
 -1      1536    1    0    1
 -2       297       149       346       445       298       150       347       446
 -1      1537    1    0    1
 -2       298       150       347       446       299       151       348       447
 -1      1538    1    0    1
 -2       299       151       348       447       300       152       349       448
 -1      1539    1    0    1
 -2       300       152       349       448       301       153       350       449
 -1      1540    1    0    1
 -2       301       153       350       449       302       154       351       450
 -1      1541    1    0    1
 -2       302       154       351       450       303       155       352       451
 -1      1542    1    0    1
 -2       303       155       352       451       304       156       353       452
 -1      1543    1    0    1
 -2       304       156       353       452       305       157       354       453
 -1      1544    1    0    1
 -2       305       157       354       453       306       158       355       454
 -1      1545    1    0    1
 -2       306       158       355       454       307       159       356       455
 -1      1546    1    0    1
 -2       307       159       356       455       308       160       357       456
 -1      1547    1    0    1
 -2       308       160       357       456       309       161       358       457
 -1      1548    1    0    1
 -2       309       161       358       457       310       162       359       458
 -1      1549    1    0    1
 -2       310       162       359       458       311       163       360       459
 -1      1550    1    0    1
 -2       311       163       360       459        14         7        15       410
 -3
    1PSTEP                         1           1           1          
  100CL  101 1.000000000         459                     0    1           1
 -4  DISP        4    1
 -5  D1          1    2    1    0
 -5  D2          1    2    2    0
 -5  D3          1    2    3    0
 -5  ALL         1    2    0    0    1ALL
 -1         1 0.00000E+00 0.00000E+00 0.00000E+00
 -1         2 0.00000E+00 0.00000E+00 0.00000E+00
 -1         3 0.00000E+00 0.00000E+00 0.00000E+00
 -1         4 0.00000E+00 0.00000E+00 0.00000E+00
 -1         5 3.81560E-06 2.93818E-01-8.82264E-03
 -1         6 1.44373E-06 2.93799E-01 8.81772E-03
 -1         7-1.44374E-06 2.93799E-01 8.81772E-03
 -1         8-3.81561E-06 2.93818E-01-8.82264E-03
 -1         9 0.00000E+00 0.00000E+00 0.00000E+00
 -1        10 0.00000E+00 0.00000E+00 0.00000E+00
 -1        11 0.00000E+00 0.00000E+00 0.00000E+00
 -1        12 0.00000E+00 0.00000E+00 0.00000E+00
 -1        13 1.07876E-06 2.93802E-01 1.24864E-06
 -1        14-4.87538E-12 2.93799E-01 8.81796E-03
 -1        15-1.07877E-06 2.93802E-01 1.24864E-06
 -1        16-4.83238E-12 2.93806E-01-8.82235E-03
 -1        17-1.10212E-04 1.71903E-04-3.23702E-04
 -1        18-1.06704E-04 6.59090E-04-6.63032E-04
 -1        19-1.03602E-04 1.49936E-03-9.98815E-04
 -1        20-1.01437E-04 2.66996E-03-1.32827E-03
 -1        21-9.92427E-05 4.16667E-03-1.65040E-03
 -1        22-9.70356E-05 5.98191E-03-1.96547E-03
 -1        23-9.48304E-05 8.10871E-03-2.27347E-03
 -1        24-9.26250E-05 1.05400E-02-2.57438E-03
 -1        25-9.04196E-05 1.32686E-02-2.86822E-03
 -1        26-8.82143E-05 1.62875E-02-3.15497E-03
 -1        27-8.60089E-05 1.95896E-02-3.43465E-03
 -1        28-8.38036E-05 2.31679E-02-3.70724E-03
 -1        29-8.15982E-05 2.70152E-02-3.97276E-03
 -1        30-7.93929E-05 3.11245E-02-4.23119E-03
 -1        31-7.71875E-05 3.54887E-02-4.48254E-03
 -1        32-7.49821E-05 4.01007E-02-4.72681E-03
 -1        33-7.27768E-05 4.49535E-02-4.96401E-03
 -1        34-7.05714E-05 5.00398E-02-5.19412E-03
 -1        35-6.83661E-05 5.53528E-02-5.41715E-03
 -1        36-6.61607E-05 6.08852E-02-5.63310E-03
 -1        37-6.39554E-05 6.66301E-02-5.84197E-03
 -1        38-6.17500E-05 7.25803E-02-6.04376E-03
 -1        39-5.95446E-05 7.87287E-02-6.23847E-03
 -1        40-5.73393E-05 8.50683E-02-6.42610E-03
 -1        41-5.51339E-05 9.15920E-02-6.60665E-03
 -1        42-5.29286E-05 9.82927E-02-6.78012E-03
 -1        43-5.07232E-05 1.05163E-01-6.94651E-03
 -1        44-4.85179E-05 1.12197E-01-7.10581E-03
 -1        45-4.63125E-05 1.19386E-01-7.25804E-03
 -1        46-4.41071E-05 1.26724E-01-7.40319E-03
 -1        47-4.19018E-05 1.34204E-01-7.54126E-03
 -1        48-3.96964E-05 1.41818E-01-7.67224E-03
 -1        49-3.74911E-05 1.49559E-01-7.79615E-03
 -1        50-3.52857E-05 1.57421E-01-7.91297E-03
 -1        51-3.30804E-05 1.65396E-01-8.02272E-03
 -1        52-3.08750E-05 1.73478E-01-8.12538E-03
 -1        53-2.86696E-05 1.81658E-01-8.22097E-03
 -1        54-2.64643E-05 1.89931E-01-8.30947E-03
 -1        55-2.42589E-05 1.98288E-01-8.39090E-03
 -1        56-2.20536E-05 2.06724E-01-8.46524E-03
 -1        57-1.98482E-05 2.15230E-01-8.53251E-03
 -1        58-1.76429E-05 2.23800E-01-8.59269E-03
 -1        59-1.54375E-05 2.32426E-01-8.64579E-03
 -1        60-1.32324E-05 2.41102E-01-8.69181E-03
 -1        61-1.10259E-05 2.49821E-01-8.73076E-03
 -1        62-8.81454E-06 2.58575E-01-8.76262E-03
 -1        63-6.60694E-06 2.67357E-01-8.78739E-03
 -1        64-4.71056E-06 2.76161E-01-8.80512E-03
 -1        65-2.28587E-06 2.84977E-01-8.81598E-03
 -1        66 1.10212E-04 1.71903E-04 3.23702E-04
 -1        67 1.06704E-04 6.59090E-04 6.63032E-04
 -1        68 1.03602E-04 1.49936E-03 9.98815E-04
 -1        69 1.01437E-04 2.66996E-03 1.32827E-03
 -1        70 9.92427E-05 4.16667E-03 1.65040E-03
 -1        71 9.70356E-05 5.98191E-03 1.96547E-03
 -1        72 9.48304E-05 8.10871E-03 2.27347E-03
 -1        73 9.26250E-05 1.05400E-02 2.57438E-03
 -1        74 9.04196E-05 1.32686E-02 2.86822E-03
 -1        75 8.82143E-05 1.62875E-02 3.15497E-03
 -1        76 8.60089E-05 1.95896E-02 3.43465E-03
 -1        77 8.38036E-05 2.31679E-02 3.70724E-03
 -1        78 8.15982E-05 2.70152E-02 3.97276E-03
 -1        79 7.93929E-05 3.11245E-02 4.23119E-03
 -1        80 7.71875E-05 3.54887E-02 4.48254E-03
 -1        81 7.49821E-05 4.01007E-02 4.72681E-03
 -1        82 7.27768E-05 4.49535E-02 4.96401E-03
 -1        83 7.05714E-05 5.00398E-02 5.19412E-03
 -1        84 6.83661E-05 5.53528E-02 5.41715E-03
 -1        85 6.61607E-05 6.08852E-02 5.63310E-03
 -1        86 6.39554E-05 6.66301E-02 5.84197E-03
 -1        87 6.17500E-05 7.25803E-02 6.04376E-03
 -1        88 5.95446E-05 7.87287E-02 6.23847E-03
 -1        89 5.73393E-05 8.50683E-02 6.42610E-03
 -1        90 5.51339E-05 9.15920E-02 6.60665E-03
 -1        91 5.29286E-05 9.82927E-02 6.78012E-03
 -1        92 5.07232E-05 1.05163E-01 6.94651E-03
 -1        93 4.85179E-05 1.12197E-01 7.10581E-03
 -1        94 4.63125E-05 1.19386E-01 7.25804E-03
 -1        95 4.41071E-05 1.26724E-01 7.40319E-03
 -1        96 4.19018E-05 1.34204E-01 7.54126E-03
 -1        97 3.96964E-05 1.41818E-01 7.67224E-03
 -1        98 3.74911E-05 1.49559E-01 7.79615E-03
 -1        99 3.52857E-05 1.57421E-01 7.91297E-03
 -1       100 3.30804E-05 1.65396E-01 8.02272E-03
 -1       101 3.08750E-05 1.73478E-01 8.12538E-03
 -1       102 2.86696E-05 1.81658E-01 8.22097E-03
 -1       103 2.64643E-05 1.89931E-01 8.30947E-03
 -1       104 2.42589E-05 1.98288E-01 8.39090E-03
 -1       105 2.20536E-05 2.06724E-01 8.46524E-03
 -1       106 1.98482E-05 2.15230E-01 8.53251E-03
 -1       107 1.76429E-05 2.23800E-01 8.59269E-03
 -1       108 1.54374E-05 2.32426E-01 8.64579E-03
 -1       109 1.32319E-05 2.41102E-01 8.69181E-03
 -1       110 1.10274E-05 2.49821E-01 8.73076E-03
 -1       111 8.82939E-06 2.58575E-01 8.76262E-03
 -1       112 6.61933E-06 2.67357E-01 8.78739E-03
 -1       113 4.16043E-06 2.76161E-01 8.80515E-03
 -1       114 1.90603E-06 2.84979E-01 8.81493E-03
 -1       115-1.10212E-04 1.71903E-04 3.23702E-04
 -1       116-1.06704E-04 6.59090E-04 6.63032E-04
 -1       117-1.03602E-04 1.49936E-03 9.98815E-04
 -1       118-1.01437E-04 2.66996E-03 1.32827E-03
 -1       119-9.92427E-05 4.16667E-03 1.65040E-03
 -1       120-9.70356E-05 5.98191E-03 1.96547E-03
 -1       121-9.48304E-05 8.10871E-03 2.27347E-03
 -1       122-9.26250E-05 1.05400E-02 2.57438E-03
 -1       123-9.04196E-05 1.32686E-02 2.86822E-03
 -1       124-8.82143E-05 1.62875E-02 3.15497E-03
 -1       125-8.60089E-05 1.95896E-02 3.43465E-03
 -1       126-8.38036E-05 2.31679E-02 3.70724E-03
 -1       127-8.15982E-05 2.70152E-02 3.97276E-03
 -1       128-7.93929E-05 3.11245E-02 4.23119E-03
 -1       129-7.71875E-05 3.54887E-02 4.48254E-03
 -1       130-7.49821E-05 4.01007E-02 4.72681E-03
 -1       131-7.27768E-05 4.49535E-02 4.96401E-03
 -1       132-7.05714E-05 5.00398E-02 5.19412E-03
 -1       133-6.83661E-05 5.53528E-02 5.41715E-03
 -1       134-6.61607E-05 6.08852E-02 5.63310E-03
 -1       135-6.39554E-05 6.66301E-02 5.84197E-03
 -1       136-6.17500E-05 7.25803E-02 6.04376E-03
 -1       137-5.95446E-05 7.87287E-02 6.23847E-03
 -1       138-5.73393E-05 8.50683E-02 6.42610E-03
 -1       139-5.51339E-05 9.15920E-02 6.60665E-03
 -1       140-5.29286E-05 9.82927E-02 6.78012E-03
 -1       141-5.07232E-05 1.05163E-01 6.94651E-03
 -1       142-4.85179E-05 1.12197E-01 7.10581E-03
 -1       143-4.63125E-05 1.19386E-01 7.25804E-03
 -1       144-4.41071E-05 1.26724E-01 7.40319E-03
 -1       145-4.19018E-05 1.34204E-01 7.54126E-03
 -1       146-3.96964E-05 1.41818E-01 7.67224E-03
 -1       147-3.74911E-05 1.49559E-01 7.79615E-03
 -1       148-3.52857E-05 1.57421E-01 7.91297E-03
 -1       149-3.30804E-05 1.65396E-01 8.02272E-03
 -1       150-3.08750E-05 1.73478E-01 8.12538E-03
 -1       151-2.86696E-05 1.81658E-01 8.22097E-03
 -1       152-2.64643E-05 1.89931E-01 8.30947E-03
 -1       153-2.42589E-05 1.98288E-01 8.39090E-03
 -1       154-2.20536E-05 2.06724E-01 8.46524E-03
 -1       155-1.98482E-05 2.15230E-01 8.53251E-03
 -1       156-1.76429E-05 2.23800E-01 8.59269E-03
 -1       157-1.54375E-05 2.32426E-01 8.64579E-03
 -1       158-1.32320E-05 2.41102E-01 8.69181E-03
 -1       159-1.10274E-05 2.49821E-01 8.73076E-03
 -1       160-8.82940E-06 2.58575E-01 8.76262E-03
 -1       161-6.61934E-06 2.67357E-01 8.78739E-03
 -1       162-4.16044E-06 2.76161E-01 8.80515E-03
 -1       163-1.90604E-06 2.84979E-01 8.81493E-03
 -1       164 1.10212E-04 1.71903E-04-3.23702E-04
 -1       165 1.06704E-04 6.59090E-04-6.63032E-04
 -1       166 1.03602E-04 1.49936E-03-9.98815E-04
 -1       167 1.01437E-04 2.66996E-03-1.32827E-03
 -1       168 9.92427E-05 4.16667E-03-1.65040E-03
 -1       169 9.70356E-05 5.98191E-03-1.96547E-03
 -1       170 9.48304E-05 8.10871E-03-2.27347E-03
 -1       171 9.26250E-05 1.05400E-02-2.57438E-03
 -1       172 9.04196E-05 1.32686E-02-2.86822E-03
 -1       173 8.82143E-05 1.62875E-02-3.15497E-03
 -1       174 8.60089E-05 1.95896E-02-3.43465E-03
 -1       175 8.38036E-05 2.31679E-02-3.70724E-03
 -1       176 8.15982E-05 2.70152E-02-3.97276E-03
 -1       177 7.93929E-05 3.11245E-02-4.23119E-03
 -1       178 7.71875E-05 3.54887E-02-4.48254E-03
 -1       179 7.49821E-05 4.01007E-02-4.72681E-03
 -1       180 7.27768E-05 4.49535E-02-4.96401E-03
 -1       181 7.05714E-05 5.00398E-02-5.19412E-03
 -1       182 6.83661E-05 5.53528E-02-5.41715E-03
 -1       183 6.61607E-05 6.08852E-02-5.63310E-03
 -1       184 6.39554E-05 6.66301E-02-5.84197E-03
 -1       185 6.17500E-05 7.25803E-02-6.04376E-03
 -1       186 5.95446E-05 7.87287E-02-6.23847E-03
 -1       187 5.73393E-05 8.50683E-02-6.42610E-03
 -1       188 5.51339E-05 9.15920E-02-6.60665E-03
 -1       189 5.29286E-05 9.82927E-02-6.78012E-03
 -1       190 5.07232E-05 1.05163E-01-6.94651E-03
 -1       191 4.85179E-05 1.12197E-01-7.10581E-03
 -1       192 4.63125E-05 1.19386E-01-7.25804E-03
 -1       193 4.41071E-05 1.26724E-01-7.40319E-03
 -1       194 4.19018E-05 1.34204E-01-7.54126E-03
 -1       195 3.96964E-05 1.41818E-01-7.67224E-03
 -1       196 3.74911E-05 1.49559E-01-7.79615E-03
 -1       197 3.52857E-05 1.57421E-01-7.91297E-03
 -1       198 3.30804E-05 1.65396E-01-8.02272E-03
 -1       199 3.08750E-05 1.73478E-01-8.12538E-03
 -1       200 2.86696E-05 1.81658E-01-8.22097E-03
 -1       201 2.64643E-05 1.89931E-01-8.30947E-03
 -1       202 2.42589E-05 1.98288E-01-8.39090E-03
 -1       203 2.20536E-05 2.06724E-01-8.46524E-03
 -1       204 1.98482E-05 2.15230E-01-8.53251E-03
 -1       205 1.76429E-05 2.23800E-01-8.59269E-03
 -1       206 1.54375E-05 2.32426E-01-8.64579E-03
 -1       207 1.32324E-05 2.41102E-01-8.69181E-03
 -1       208 1.10259E-05 2.49821E-01-8.73076E-03
 -1       209 8.81453E-06 2.58575E-01-8.76262E-03
 -1       210 6.60693E-06 2.67357E-01-8.78739E-03
 -1       211 4.71055E-06 2.76161E-01-8.80512E-03
 -1       212 2.28586E-06 2.84977E-01-8.81598E-03
 -1       213 0.00000E+00 0.00000E+00 0.00000E+00
 -1       214-4.01219E-15 1.09205E-04-5.69391E-15
 -1       215-1.27852E-14 6.12095E-04-1.17674E-14
 -1       216-2.78789E-14 1.44968E-03-1.76628E-14
 -1       217-4.88911E-14 2.62200E-03-2.34151E-14
 -1       218-7.56925E-14 4.11964E-03-2.90174E-14
 -1       219-1.08125E-13 5.93595E-03-3.44694E-14
 -1       220-1.46043E-13 8.06379E-03-3.97709E-14
 -1       221-1.89293E-13 1.04961E-02-4.49196E-14
 -1       222-2.37721E-13 1.32258E-02-4.99156E-14
 -1       223-2.91180E-13 1.62457E-02-5.47632E-14
 -1       224-3.49517E-13 1.95489E-02-5.94576E-14
 -1       225-4.12578E-13 2.31282E-02-6.40017E-14
 -1       226-4.80215E-13 2.69766E-02-6.83892E-14
 -1       227-5.52278E-13 3.10869E-02-7.26294E-14
 -1       228-6.28593E-13 3.54522E-02-7.66995E-14
 -1       229-7.09007E-13 4.00652E-02-8.06177E-14
 -1       230-7.93368E-13 4.49190E-02-8.43819E-14
 -1       231-8.81510E-13 5.00064E-02-8.79826E-14
 -1       232-9.73268E-13 5.53204E-02-9.14246E-14
 -1       233-1.06848E-12 6.08539E-02-9.47092E-14
 -1       234-1.16701E-12 6.65998E-02-9.78479E-14
 -1       235-1.26870E-12 7.25510E-02-1.00820E-13
 -1       236-1.37338E-12 7.87005E-02-1.03646E-13
 -1       237-1.48095E-12 8.50412E-02-1.06371E-13
 -1       238-1.59122E-12 9.15659E-02-1.08943E-13
 -1       239-1.70407E-12 9.82677E-02-1.11384E-13
 -1       240-1.81943E-12 1.05139E-01-1.13741E-13
 -1       241-1.93717E-12 1.12174E-01-1.15997E-13
 -1       242-2.05714E-12 1.19364E-01-1.18069E-13
 -1       243-2.17923E-12 1.26703E-01-1.20027E-13
 -1       244-2.30327E-12 1.34184E-01-1.21861E-13
 -1       245-2.42919E-12 1.41799E-01-1.23551E-13
 -1       246-2.55675E-12 1.49541E-01-1.25074E-13
 -1       247-2.68579E-12 1.57404E-01-1.26488E-13
 -1       248-2.81628E-12 1.65381E-01-1.27706E-13
 -1       249-2.94787E-12 1.73463E-01-1.28808E-13
 -1       250-3.08080E-12 1.81645E-01-1.31535E-13
 -1       251-3.21820E-12 1.89918E-01-1.37536E-13
 -1       252-3.36019E-12 1.98277E-01-9.95810E-14
 -1       253-3.40757E-12 2.06713E-01 1.47770E-13
 -1       254-3.10988E-12 2.15220E-01-4.27565E-13
 -1       255-4.96032E-12 2.23791E-01-9.02340E-12
 -1       256-2.10192E-11 2.32419E-01-1.28848E-11
 -1       257-9.07897E-12 2.41096E-01 2.29902E-10
 -1       258 4.93178E-10 2.49816E-01 1.02497E-09
 -1       259 1.22862E-09 2.58571E-01-5.88013E-09
 -1       260-1.73324E-08 2.67354E-01-3.20915E-08
 -1       261 5.73038E-09 2.76159E-01 2.86078E-08
 -1       262 2.13668E-07 2.84978E-01 1.50127E-06
 -1       263-2.49639E-15 2.21140E-04 3.09471E-04
 -1       264-1.22330E-14 7.13246E-04 6.63637E-04
 -1       265-2.79480E-14 1.55101E-03 9.99726E-04
 -1       266-4.96267E-14 2.72071E-03 1.32891E-03
 -1       267-7.70821E-14 4.21628E-03 1.65106E-03
 -1       268-1.10172E-13 6.03043E-03 1.96614E-03
 -1       269-1.48746E-13 8.15613E-03 2.27413E-03
 -1       270-1.92654E-13 1.05863E-02 2.57505E-03
 -1       271-2.41746E-13 1.33138E-02 2.86888E-03
 -1       272-2.95862E-13 1.63316E-02 3.15564E-03
 -1       273-3.54858E-13 1.96327E-02 3.43531E-03
 -1       274-4.18562E-13 2.32098E-02 3.70790E-03
 -1       275-4.86837E-13 2.70560E-02 3.97342E-03
 -1       276-5.59525E-13 3.11642E-02 4.23185E-03
 -1       277-6.36442E-13 3.55273E-02 4.48320E-03
 -1       278-7.17439E-13 4.01382E-02 4.72747E-03
 -1       279-8.02373E-13 4.49898E-02 4.96467E-03
 -1       280-8.91075E-13 5.00751E-02 5.19478E-03
 -1       281-9.83371E-13 5.53870E-02 5.41781E-03
 -1       282-1.07910E-12 6.09183E-02 5.63376E-03
 -1       283-1.17812E-12 6.66621E-02 5.84263E-03
 -1       284-1.28035E-12 7.26112E-02 6.04442E-03
 -1       285-1.38560E-12 7.87585E-02 6.23913E-03
 -1       286-1.49373E-12 8.50970E-02 6.42676E-03
 -1       287-1.60460E-12 9.16196E-02 6.60731E-03
 -1       288-1.71805E-12 9.83192E-02 6.78078E-03
 -1       289-1.83396E-12 1.05189E-01 6.94717E-03
 -1       290-1.95220E-12 1.12221E-01 7.10648E-03
 -1       291-2.07262E-12 1.19409E-01 7.25870E-03
 -1       292-2.19507E-12 1.26746E-01 7.40385E-03
 -1       293-2.31944E-12 1.34225E-01 7.54192E-03
 -1       294-2.44571E-12 1.41838E-01 7.67290E-03
 -1       295-2.57366E-12 1.49578E-01 7.79681E-03
 -1       296-2.70318E-12 1.57439E-01 7.91364E-03
 -1       297-2.83414E-12 1.65413E-01 8.02338E-03
 -1       298-2.96627E-12 1.73493E-01 8.12605E-03
 -1       299-3.09958E-12 1.81672E-01 8.22163E-03
 -1       300-3.23395E-12 1.89944E-01 8.31014E-03
 -1       301-3.36914E-12 1.98300E-01 8.39156E-03
 -1       302-3.50483E-12 2.06735E-01 8.46590E-03
 -1       303-3.64099E-12 2.15240E-01 8.53317E-03
 -1       304-3.77757E-12 2.23809E-01 8.59335E-03
 -1       305-3.91453E-12 2.32434E-01 8.64645E-03
 -1       306-4.05178E-12 2.41109E-01 8.69248E-03
 -1       307-4.18916E-12 2.49827E-01 8.73142E-03
 -1       308-4.32664E-12 2.58579E-01 8.76328E-03
 -1       309-4.46383E-12 2.67361E-01 8.78810E-03
 -1       310-4.60100E-12 2.76163E-01 8.80572E-03
 -1       311-4.73815E-12 2.84980E-01 8.81534E-03
 -1       312-4.07896E-15 1.09205E-04 5.88014E-15
 -1       313-1.28503E-14 6.12095E-04 1.21674E-14
 -1       314-2.79424E-14 1.44968E-03 1.82748E-14
 -1       315-4.89541E-14 2.62200E-03 2.42394E-14
 -1       316-7.57557E-14 4.11964E-03 3.00538E-14
 -1       317-1.08190E-13 5.93595E-03 3.57197E-14
 -1       318-1.46105E-13 8.06379E-03 4.12337E-14
 -1       319-1.89355E-13 1.04961E-02 4.65969E-14
 -1       320-2.37782E-13 1.32258E-02 5.18078E-14
 -1       321-2.91241E-13 1.62457E-02 5.68698E-14
 -1       322-3.49579E-13 1.95489E-02 6.17786E-14
 -1       323-4.12638E-13 2.31282E-02 6.65292E-14
 -1       324-4.80281E-13 2.69766E-02 7.11321E-14
 -1       325-5.52328E-13 3.10869E-02 7.55795E-14
 -1       326-6.28652E-13 3.54522E-02 7.98557E-14
 -1       327-7.09071E-13 4.00652E-02 8.39827E-14
 -1       328-7.93421E-13 4.49190E-02 8.79501E-14
 -1       329-8.81569E-13 5.00064E-02 9.17484E-14
 -1       330-9.73326E-13 5.53204E-02 9.53885E-14
 -1       331-1.06855E-12 6.08539E-02 9.88764E-14
 -1       332-1.16707E-12 6.65998E-02 1.02214E-13
 -1       333-1.26875E-12 7.25510E-02 1.05406E-13
 -1       334-1.37344E-12 7.87005E-02 1.08413E-13
 -1       335-1.48100E-12 8.50412E-02 1.11306E-13
 -1       336-1.59126E-12 9.15659E-02 1.14059E-13
 -1       337-1.70414E-12 9.82677E-02 1.16680E-13
 -1       338-1.81947E-12 1.05139E-01 1.19201E-13
 -1       339-1.93719E-12 1.12174E-01 1.21581E-13
 -1       340-2.05717E-12 1.19364E-01 1.23831E-13
 -1       341-2.17927E-12 1.26703E-01 1.25958E-13
 -1       342-2.30332E-12 1.34184E-01 1.27930E-13
 -1       343-2.42919E-12 1.41799E-01 1.29756E-13
 -1       344-2.55679E-12 1.49541E-01 1.31412E-13
 -1       345-2.68585E-12 1.57404E-01 1.32926E-13
 -1       346-2.81633E-12 1.65381E-01 1.34352E-13
 -1       347-2.94814E-12 1.73463E-01 1.35646E-13
 -1       348-3.08096E-12 1.81645E-01 1.35003E-13
 -1       349-3.21122E-12 1.89918E-01 1.30843E-13
 -1       350-3.33865E-12 1.98277E-01 1.70388E-13
 -1       351-3.56207E-12 2.06713E-01 4.19036E-13
 -1       352-4.13167E-12 2.15220E-01-1.55315E-13
 -1       353-2.55400E-12 2.23791E-01-8.75039E-12
 -1       354 1.32314E-11 2.32419E-01-1.26111E-11
 -1       355 1.01714E-12 2.41096E-01 2.30176E-10
 -1       356-5.01514E-10 2.49816E-01 1.02524E-09
 -1       357-1.23723E-09 2.58571E-01-5.87986E-09
 -1       358 1.73235E-08 2.67354E-01-3.20913E-08
 -1       359-5.73954E-09 2.76159E-01 2.86081E-08
 -1       360-2.13677E-07 2.84978E-01 1.50127E-06
 -1       361-1.41081E-15 2.21140E-04-3.09471E-04
 -1       362-9.77495E-15 7.13246E-04-6.63637E-04
 -1       363-2.42548E-14 1.55101E-03-9.99726E-04
 -1       364-4.47118E-14 2.72071E-03-1.32891E-03
 -1       365-7.09472E-14 4.21628E-03-1.65106E-03
 -1       366-1.02817E-13 6.03043E-03-1.96614E-03
 -1       367-1.40167E-13 8.15613E-03-2.27413E-03
 -1       368-1.82851E-13 1.05863E-02-2.57505E-03
 -1       369-2.30708E-13 1.33138E-02-2.86888E-03
 -1       370-2.83597E-13 1.63316E-02-3.15564E-03
 -1       371-3.41369E-13 1.96327E-02-3.43531E-03
 -1       372-4.03886E-13 2.32098E-02-3.70790E-03
 -1       373-4.70967E-13 2.70560E-02-3.97342E-03
 -1       374-5.42496E-13 3.11642E-02-4.23185E-03
 -1       375-6.18311E-13 3.55273E-02-4.48320E-03
 -1       376-6.98243E-13 4.01382E-02-4.72747E-03
 -1       377-7.82124E-13 4.49898E-02-4.96467E-03
 -1       378-8.69802E-13 5.00751E-02-5.19478E-03
 -1       379-9.61133E-13 5.53870E-02-5.41781E-03
 -1       380-1.05593E-12 6.09183E-02-5.63376E-03
 -1       381-1.15403E-12 6.66621E-02-5.84263E-03
 -1       382-1.25528E-12 7.26112E-02-6.04442E-03
 -1       383-1.35952E-12 7.87585E-02-6.23913E-03
 -1       384-1.46655E-12 8.50970E-02-6.42676E-03
 -1       385-1.57630E-12 9.16196E-02-6.60731E-03
 -1       386-1.68865E-12 9.83192E-02-6.78078E-03
 -1       387-1.80351E-12 1.05189E-01-6.94717E-03
 -1       388-1.92080E-12 1.12221E-01-7.10648E-03
 -1       389-2.04042E-12 1.19409E-01-7.25870E-03
 -1       390-2.16221E-12 1.26746E-01-7.40385E-03
 -1       391-2.28603E-12 1.34225E-01-7.54192E-03
 -1       392-2.41165E-12 1.41838E-01-7.67290E-03
 -1       393-2.53893E-12 1.49578E-01-7.79681E-03
 -1       394-2.66762E-12 1.57439E-01-7.91364E-03
 -1       395-2.79771E-12 1.65413E-01-8.02338E-03
 -1       396-2.92905E-12 1.73493E-01-8.12605E-03
 -1       397-3.06154E-12 1.81672E-01-8.22163E-03
 -1       398-3.19494E-12 1.89944E-01-8.31014E-03
 -1       399-3.32926E-12 1.98300E-01-8.39156E-03
 -1       400-3.46447E-12 2.06735E-01-8.46590E-03
 -1       401-3.60028E-12 2.15240E-01-8.53317E-03
 -1       402-3.73654E-12 2.23809E-01-8.59335E-03
 -1       403-3.87308E-12 2.32434E-01-8.64645E-03
 -1       404-4.00998E-12 2.41109E-01-8.69248E-03
 -1       405-4.14683E-12 2.49827E-01-8.73142E-03
 -1       406-4.28372E-12 2.58579E-01-8.76328E-03
 -1       407-4.42078E-12 2.67361E-01-8.78801E-03
 -1       408-4.55796E-12 2.76163E-01-8.80584E-03
 -1       409-4.69518E-12 2.84980E-01-8.81735E-03
 -1       410-4.85392E-12 2.93801E-01 1.92960E-07
 -1       411-2.78620E-15 1.58782E-04 8.65072E-17
 -1       412-1.19478E-14 6.64298E-04 1.99597E-16
 -1       413-2.70315E-14 1.50175E-03 3.06540E-16
 -1       414-4.80697E-14 2.67269E-03 4.13091E-16
 -1       415-7.48928E-14 4.16926E-03 5.19296E-16
 -1       416-1.07349E-13 5.98447E-03 6.24927E-16
 -1       417-1.45289E-13 8.11121E-03 7.31371E-16
 -1       418-1.88560E-13 1.05424E-02 8.37831E-16
 -1       419-2.37010E-13 1.32710E-02 9.46795E-16
 -1       420-2.90492E-13 1.62898E-02 1.05341E-15
 -1       421-3.48852E-13 1.95919E-02 1.16151E-15
 -1       422-4.11932E-13 2.31701E-02 1.26963E-15
 -1       423-4.79593E-13 2.70174E-02 1.37203E-15
 -1       424-5.51670E-13 3.11266E-02 1.47416E-15
 -1       425-6.28018E-13 3.54908E-02 1.58104E-15
 -1       426-7.08457E-13 4.01027E-02 1.68027E-15
 -1       427-7.92834E-13 4.49554E-02 1.78541E-15
 -1       428-8.81006E-13 5.00417E-02 1.88941E-15
 -1       429-9.72787E-13 5.53546E-02 1.99383E-15
 -1       430-1.06802E-12 6.08870E-02 2.08655E-15
 -1       431-1.16658E-12 6.66318E-02 2.19136E-15
 -1       432-1.26828E-12 7.25819E-02 2.29374E-15
 -1       433-1.37299E-12 7.87303E-02 2.39503E-15
 -1       434-1.48057E-12 8.50699E-02 2.47917E-15
 -1       435-1.59085E-12 9.15935E-02 2.56199E-15
 -1       436-1.70374E-12 9.82941E-02 2.65416E-15
 -1       437-1.81909E-12 1.05165E-01 2.72384E-15
 -1       438-1.93683E-12 1.12198E-01 2.80033E-15
 -1       439-2.05685E-12 1.19387E-01 2.88950E-15
 -1       440-2.17896E-12 1.26725E-01 2.97613E-15
 -1       441-2.30304E-12 1.34205E-01 3.04050E-15
 -1       442-2.42893E-12 1.41819E-01 3.10400E-15
 -1       443-2.55654E-12 1.49560E-01 3.15725E-15
 -1       444-2.68565E-12 1.57422E-01 3.21286E-15
 -1       445-2.81609E-12 1.65397E-01 3.28942E-15
 -1       446-2.94787E-12 1.73478E-01 3.32794E-15
 -1       447-3.08071E-12 1.81659E-01 3.38691E-15
 -1       448-3.21460E-12 1.89931E-01 3.40164E-15
 -1       449-3.34935E-12 1.98289E-01 3.61030E-15
 -1       450-3.48472E-12 2.06724E-01 3.21556E-15
 -1       451-3.62070E-12 2.15230E-01 2.27175E-14
 -1       452-3.75712E-12 2.23800E-01-1.50425E-13
 -1       453-3.89389E-12 2.32427E-01-7.80041E-13
 -1       454-4.03086E-12 2.41103E-01 1.01399E-11
 -1       455-4.16798E-12 2.49821E-01 9.24213E-12
 -1       456-4.30514E-12 2.58575E-01 5.81091E-10
 -1       457-4.44229E-12 2.67357E-01-1.57618E-08
 -1       458-4.57952E-12 2.76161E-01 5.85029E-08
 -1       459-4.71674E-12 2.84979E-01 4.93945E-07
 -3
 9999
